false	0.4734
false	0.4514
false	0.4584
false	0.3450
false	0.2567
false	0.4457
false	0.2826
false	0.4641
false	0.4416
false	0.4131
false	0.3519
true	0.5133
false	0.3764
false	0.3654
true	0.6035
false	0.4465
true	0.5742
false	0.3606
false	0.4362
false	0.3503
false	0.3979
false	0.2820
false	0.3150
true	0.5411
true	0.5089
true	0.5610
false	0.4882
true	0.6362
false	0.4117
false	0.3094
false	0.4782
false	0.3927
true	0.6288
true	0.6596
false	0.4284
false	0.4392
false	0.3401
false	0.1233
false	0.1883
true	0.5445
false	0.1203
false	0.3016
false	0.0679
false	0.0380
false	0.0209
false	0.4918
false	0.4056
false	0.4000
true	0.5174
false	0.4186
true	0.6243
false	0.3072
true	0.5052
false	0.4757
false	0.4048
false	0.4573
false	0.2343
true	0.7145
false	0.3342
false	0.2666
false	0.1800
false	0.2496
false	0.1033
false	0.3494
false	0.3547
false	0.3236
false	0.3057
false	0.1116
false	0.3805
false	0.2269
false	0.2332
false	0.1226
false	0.1956
false	0.2957
false	0.0443
false	0.2570
false	0.3003
false	0.1586
false	-0.0983
false	0.4767
false	0.1299
false	0.4266
false	0.1967
false	0.1543
false	0.3479
false	0.0183
false	0.3805
false	0.3863
false	0.2629
false	0.0957
false	0.0028
false	0.2015
false	0.3372
true	0.5810
false	0.1674
false	0.3719
false	0.2656
false	0.1350
false	0.2037
false	0.2399
false	0.0483
true	0.5253
true	0.5121
false	0.3150
false	0.3269
false	-0.0191
false	0.2859
true	0.6938
false	0.2695
false	0.0194
false	0.0951
false	0.2082
false	0.3779
false	0.1887
false	-0.0126
false	0.2995
false	0.0407
false	-0.0191
false	0.3048
false	0.3184
false	0.2548
false	0.4446
false	-0.0543
false	0.0387
false	0.2223
false	0.1483
false	0.1366
false	0.1962
false	0.0108
false	0.0538
false	-0.0326
false	0.0527
false	-0.1332
false	0.0932
false	0.0933
false	-0.0285
false	0.0465
false	-0.0994
false	0.0341
false	0.0477
false	0.1075
false	0.1093
false	0.2181
false	0.0005
false	0.0401
false	0.0327
false	-0.0343
false	0.2341
false	0.1922
false	0.2451
false	0.1161
false	0.1976
false	0.4089
false	0.3890
false	0.4625
false	0.3405
false	0.2280
false	0.1013
false	0.2253
true	0.5524
false	0.1981
false	0.0543
false	0.0933
false	0.3251
false	0.1192
false	0.1982
false	0.0343
false	0.2306
true	1.0000
false	0.2252
false	0.0895
false	0.1087
false	0.1262
false	0.0863
true	0.5486
false	0.1175
false	0.0521
false	-0.0203
false	0.0552
false	0.0538
false	0.1533
false	0.2753
false	0.2857
false	0.2624
false	0.1279
false	0.3364
false	0.0713
false	0.2570
false	0.3073
false	0.1971
false	0.4427
false	0.4562
false	0.1965
false	0.0146
false	0.1056
false	0.1296
false	0.0927
false	0.2446
false	0.0236
false	-0.0599
false	-0.0779
false	0.2654
false	0.1859
false	0.3083
false	0.0509
false	0.0539
false	0.0363
false	0.0993
false	0.0344
false	0.1849
false	0.0465
false	0.1618
false	0.0894
false	0.2285
false	0.1364
false	0.1600
false	0.0648
false	0.2005
false	0.1624
false	0.2373
false	0.0395
false	0.1315
false	0.0348
false	0.1816
false	0.2944
false	0.4310
false	0.3388
false	0.0917
false	0.2394
false	0.0574
false	0.2316
false	0.1547
false	0.0582
false	0.2127
false	0.3990
false	0.0836
false	0.1071
false	0.0991
false	0.4157
false	0.2203
true	0.5509
false	0.1801
false	0.0870
false	0.0604
false	0.1883
false	0.4277
false	0.3751
false	0.3903
false	0.0266
false	0.2250
false	0.4517
false	0.1330
false	0.1678
false	0.3899
false	0.0531
true	0.5907
false	0.3349
false	0.3409
false	0.3242
false	0.1486
false	0.0761
false	0.3193
true	0.5675
true	0.6287
false	0.3470
false	0.0973
false	0.3798
false	0.4210
false	0.1276
false	0.4149
true	0.7554
false	0.1810
true	0.5117
false	0.0942
false	0.3383
false	0.2573
false	0.4981
false	0.3575
false	0.3738
true	0.5343
false	0.0347
false	0.2409
false	0.1081
false	0.1126
false	0.0628
false	0.0929
false	0.0662
false	0.2164
false	0.1715
false	0.1378
false	0.2284
false	0.3192
false	0.0182
false	-0.0475
false	0.1146
false	0.1227
false	0.1496
false	0.1872
false	0.2936
false	0.0079
false	0.2190
false	0.3186
true	0.5377
false	0.4913
false	0.1464
false	0.2234
false	-0.0048
false	0.2207
false	0.0523
false	0.1371
false	0.2266
false	0.2299
false	0.2461
false	0.0080
true	0.6368
false	0.3969
false	0.2085
false	0.3086
false	0.3432
false	0.4909
false	0.1949
false	0.4928
false	0.4873
false	0.3546
false	0.2962
false	0.2469
false	0.3045
false	0.2362
false	0.3295
true	0.5360
false	0.1398
false	0.4301
false	0.3043
false	0.4919
false	0.4610
false	0.4198
false	0.4635
true	0.5566
false	0.4862
true	0.5131
true	0.7398
false	0.2477
false	0.3813
false	0.2287
false	0.0816
false	0.1181
false	0.0195
false	-0.0743
false	0.0143
false	-0.0100
false	0.0733
false	0.2445
false	0.0378
false	-0.0780
false	-0.0414
false	-0.0328
false	0.0148
false	0.3029
false	0.1329
false	-0.0150
false	-0.0824
false	0.0699
false	-0.1026
false	0.1546
false	0.0077
false	0.0100
false	0.0011
true	0.6723
true	0.5175
true	0.6585
true	0.6675
true	0.9539
false	0.3229
true	0.6860
false	0.1662
true	0.5240
true	0.6213
true	0.8050
false	0.4715
false	0.4932
true	0.5695
false	0.4482
true	0.7721
true	0.5809
true	0.7149
true	0.8574
true	0.6186
false	0.4200
false	0.4381
true	0.6958
true	0.5024
false	0.3715
true	0.7423
true	0.6766
true	0.7901
true	0.6039
true	0.5756
true	0.5748
true	0.7916
false	0.4443
false	0.4128
true	0.7238
true	0.5104
true	0.6575
true	0.7287
true	0.7771
true	0.7763
false	0.4813
false	0.4702
false	0.3538
false	0.1185
false	0.3760
true	0.6576
false	0.2398
false	0.4807
false	0.3107
true	0.5521
false	0.4218
true	0.5001
false	0.4956
false	0.0076
false	0.2296
false	0.2406
false	0.0938
false	0.1425
false	0.2294
false	0.3454
false	0.1713
false	0.2434
false	0.2610
false	0.2432
false	0.3011
false	0.4358
false	0.3865
false	0.1969
false	0.1504
false	0.2464
false	0.1999
false	0.0455
false	-0.0652
false	0.2168
false	-0.0150
false	0.0424
false	0.0459
false	0.1398
false	0.1507
false	0.2981
false	0.1565
false	0.1870
false	0.3657
false	0.2520
false	0.1655
false	0.0365
false	0.2172
false	-0.0476
false	0.0461
false	0.0608
false	0.0697
false	0.4631
false	0.1862
false	0.0447
true	0.6411
false	0.2487
true	0.7615
false	0.4955
false	0.3372
false	0.0484
false	0.4199
true	0.6995
false	0.2406
false	0.0413
false	-0.0106
false	0.2170
false	-0.0768
false	0.0354
true	0.5177
true	0.5451
false	0.0443
false	0.0115
false	0.1512
false	0.1426
true	0.5026
true	0.7256
false	0.2500
false	0.0717
false	0.1223
false	0.1049
false	0.3291
false	0.3711
false	0.3087
false	-0.0296
false	0.0685
false	0.1185
false	0.2611
false	0.3591
false	0.1609
false	0.1360
false	0.0716
false	0.1482
false	0.2979
false	0.0731
false	0.1340
false	0.1774
false	0.1370
false	0.1211
false	0.0261
false	0.1394
false	0.4035
false	0.3479
false	0.2934
false	0.3730
false	-0.1108
false	0.0688
false	0.3755
false	0.2668
false	0.0296
false	0.2737
false	0.3830
false	0.0037
false	0.1409
false	0.2362
false	0.1429
false	0.4350
false	-0.1221
true	0.5624
false	0.2325
false	0.0465
false	0.1435
true	0.5651
false	0.2079
false	0.2797
false	0.3047
false	0.4037
false	0.3416
true	0.7324
true	0.6012
false	0.1813
true	0.8321
true	0.5685
true	0.6678
true	0.5329
true	0.7007
true	0.7236
true	0.8136
true	0.7775
true	0.6635
true	0.8773
false	0.3496
true	0.7172
true	0.5982
true	0.7078
true	0.5750
true	0.5594
true	0.6851
true	0.6595
true	0.6925
true	0.9092
true	0.6440
true	0.6720
false	0.2330
false	-0.0298
false	0.2477
false	0.2531
false	0.3152
false	0.1013
false	0.2703
false	0.0923
false	0.3931
false	0.3216
false	0.0458
false	0.2231
false	0.0262
false	0.2068
false	0.1505
false	0.0321
false	0.1259
false	0.2078
false	0.1058
false	0.1323
false	0.1812
false	0.1951
false	0.1911
false	0.0806
false	0.1462
false	0.1660
false	0.4276
false	0.0699
false	0.3246
false	0.1861
true	0.7227
false	0.4234
false	0.0583
false	0.2897
false	0.4919
false	-0.1897
false	0.0486
false	0.2585
false	0.1645
false	0.1364
false	0.1987
false	0.1134
false	-0.0320
false	0.0933
true	0.7129
false	0.1763
false	0.0494
false	0.3745
false	0.2366
false	0.0400
false	-0.0408
false	0.2953
false	0.0960
false	0.2001
false	0.2688
false	0.4257
false	0.1252
false	0.0826
false	0.1682
false	0.0350
false	0.1995
false	0.2150
false	-0.1159
false	0.2479
false	0.0662
false	0.1603
false	0.0095
false	-0.0921
false	0.1459
true	0.8343
false	0.2660
true	0.6722
false	0.3947
true	0.7178
true	0.7291
true	0.9508
true	0.7219
true	0.8243
true	0.8412
true	0.7802
true	0.9041
false	0.4308
true	0.8469
true	0.7980
true	0.7990
true	0.5604
true	0.7576
true	0.6022
false	0.4242
true	0.5581
false	0.2907
true	0.8210
false	0.1780
false	0.4909
false	0.1065
false	-0.0084
false	0.2024
false	0.0282
false	0.1071
false	0.0444
false	0.0739
false	-0.0036
false	0.1958
false	0.0793
false	0.1485
false	0.0526
false	0.3741
false	-0.0588
false	0.1408
false	0.1459
false	0.1554
false	0.1008
false	0.0346
false	0.1229
false	0.0739
false	-0.1316
false	0.1568
false	0.0480
false	-0.0150
false	0.3039
false	0.4836
false	0.2363
false	0.0279
false	0.4029
false	0.1628
true	0.5501
false	0.4724
true	0.5605
false	0.1360
false	-0.0124
true	0.5204
true	0.5373
true	0.5047
false	0.3547
false	0.4011
false	0.4107
false	0.3806
false	0.3459
false	0.0113
false	0.0544
false	0.3035
true	0.5703
true	0.5127
false	0.2532
false	0.0219
false	0.3472
false	-0.1075
false	0.2014
false	0.3175
false	0.1550
false	0.1604
false	0.1374
false	0.1813
false	0.4329
false	0.4165
false	0.2932
false	0.2109
false	0.1012
false	0.3325
false	0.1316
false	0.4283
false	0.3512
false	0.2228
false	0.1876
false	0.1108
false	0.2218
false	0.1897
false	0.1953
false	0.1399
false	0.2063
false	0.3029
false	0.1979
false	0.3563
false	0.0870
false	0.0534
false	0.2851
false	0.4200
false	0.3096
false	0.3206
false	0.1938
false	0.3757
false	0.1401
false	0.2123
false	0.3422
false	0.3436
false	0.3001
false	0.4239
false	0.1239
false	-0.0074
false	0.1393
false	0.1309
false	0.1660
false	0.2822
false	0.3525
false	0.1694
false	0.2505
false	0.0249
false	0.2557
false	0.3084
false	0.3747
false	0.1475
false	0.1300
false	0.3779
false	0.0698
false	0.3390
false	0.0599
false	-0.0306
false	0.1324
false	0.0274
false	0.4568
false	0.1860
true	0.7815
false	0.0802
false	0.0299
false	0.1106
false	0.3319
false	0.1455
false	0.1051
false	0.1499
false	0.1682
false	0.1695
false	0.2333
false	0.0043
false	0.4558
false	0.0625
false	0.0644
false	0.1648
false	-0.0398
false	0.2153
false	0.2812
false	0.0686
false	0.0896
false	0.1829
false	0.1494
false	0.2244
false	0.1240
false	0.2046
false	0.0295
false	0.1366
false	-0.0093
false	-0.0015
false	0.1233
false	0.1926
false	0.0099
false	0.0729
false	0.0447
false	-0.0161
false	0.1279
false	-0.0552
false	0.0467
false	0.1962
false	-0.0509
false	-0.0139
false	0.1415
false	0.0772
false	0.2777
false	0.2173
false	0.1895
false	0.0136
false	0.0522
false	0.1655
false	0.1398
false	0.0099
false	0.0698
false	-0.0814
false	-0.0106
false	0.1150
false	0.0129
false	0.2356
false	0.0832
false	0.0447
false	-0.0226
false	-0.0052
false	0.0137
false	0.4702
true	0.5260
false	0.3094
true	0.6370
false	0.2020
false	0.4485
false	0.4650
false	0.2251
false	0.4307
false	0.2800
false	0.4904
false	0.1588
false	0.1540
false	0.1766
false	0.4210
true	0.7670
false	0.4741
true	0.5327
false	0.1223
false	0.4126
false	0.3802
false	0.3671
false	0.0998
true	0.6623
false	0.1243
false	0.3534
false	0.2878
false	0.2209
false	0.1275
false	0.1188
false	0.2578
false	0.4379
false	0.0294
false	0.2199
false	0.2810
false	0.3448
true	0.6535
true	0.6509
false	0.2874
false	0.3900
false	0.2059
false	0.2593
false	0.2427
false	0.2989
false	0.0435
false	-0.0396
false	0.0469
false	0.2261
false	0.1016
false	0.0895
false	0.2991
false	0.0252
false	0.2028
false	0.0897
false	0.1725
false	0.1288
false	0.2943
false	0.1443
false	0.0569
false	0.0463
false	0.1714
false	0.2727
false	-0.0043
false	0.2016
false	0.1184
false	0.2627
false	0.1749
false	0.2594
false	0.0556
false	0.4623
false	0.1020
false	0.2497
false	0.3044
false	0.0740
false	0.4875
false	0.3188
false	0.3312
false	0.2080
false	0.3711
false	0.3761
false	0.3080
false	0.4959
false	0.3495
false	0.3332
false	0.1733
false	0.0038
false	0.1894
true	0.7180
true	0.9242
false	0.2417
false	0.4380
false	0.2450
false	-0.0454
true	0.8918
true	0.7373
true	0.5244
true	0.5308
false	0.3331
false	0.3959
false	0.4756
false	0.3869
false	0.4578
true	0.5491
true	0.6883
false	0.1835
true	0.6639
false	0.3457
true	0.5506
false	0.4752
false	0.3048
false	0.1898
false	0.0466
false	-0.0192
false	0.2945
false	0.0991
false	0.0603
false	0.0863
false	0.1128
false	0.2211
false	0.1137
false	0.2460
false	0.0304
false	0.0755
false	0.1130
false	0.0802
false	0.0163
false	-0.0051
false	0.0432
false	-0.0994
false	0.0024
false	-0.0123
false	0.2449
false	0.1002
false	-0.1072
false	0.2852
false	-0.0152
false	0.0994
false	0.0370
false	0.1489
