false	0.2080
false	0.1629
false	0.1890
false	0.2115
false	0.1413
false	0.2654
false	0.0693
false	0.1845
false	0.3683
false	0.4139
false	0.3964
true	0.6350
false	0.2732
false	0.3380
true	0.6080
false	0.3513
true	0.5590
false	0.3394
true	0.5121
false	0.0676
false	0.3007
false	0.3532
true	0.5694
false	0.3911
false	0.2969
true	0.5502
true	0.5090
true	0.6667
false	0.3933
false	0.1855
false	0.2915
false	0.1163
false	0.2679
true	0.6179
false	0.0411
true	0.5705
true	0.5116
false	0.1680
false	0.0489
false	0.3925
false	0.0314
false	0.0389
false	0.1058
false	0.1728
false	0.1236
false	0.2440
false	0.0377
false	0.4864
true	0.5226
false	0.1663
true	0.6117
false	0.0540
false	0.4091
false	0.3200
false	0.4837
false	0.2191
false	0.0240
true	0.8438
false	-0.0229
false	-0.0661
false	0.0098
false	0.1626
false	0.1778
false	0.2320
false	0.0433
false	0.1291
false	0.2540
false	0.0448
false	0.2617
false	0.1673
false	0.3499
false	0.3847
false	0.3421
false	0.4610
false	0.0930
false	0.2609
false	0.3833
false	0.0445
false	0.2505
false	0.4183
false	0.2566
false	0.4648
false	0.2469
false	0.0908
false	0.2052
false	0.2350
false	0.3914
false	0.2550
false	0.3319
false	0.3504
false	0.0109
false	0.2516
false	0.3579
false	0.4787
false	0.2729
false	0.3710
false	0.1405
false	0.4444
false	0.4221
true	0.5085
false	0.1822
false	0.3534
false	0.4827
false	0.3857
false	0.2776
false	0.1581
false	0.3137
true	0.5605
false	0.1301
false	0.0513
false	0.0375
false	0.2193
false	0.2517
false	0.2607
false	0.1225
false	0.1846
false	0.1314
false	0.1465
false	0.3033
false	0.3405
true	0.5113
false	0.4413
false	-0.0033
false	0.0517
false	0.1936
false	0.1314
false	0.2590
false	0.1593
false	0.1770
false	0.2903
false	0.1793
false	0.0996
false	0.2055
false	0.3412
false	0.0469
false	-0.0193
false	0.0921
false	0.1319
false	0.0552
false	0.1199
false	-0.0185
false	0.0813
false	0.2345
false	0.1678
false	0.1344
false	0.1087
false	-0.0182
false	0.2019
false	0.0551
false	0.1113
false	0.1782
false	0.2337
false	0.0259
false	0.2379
false	0.3118
false	0.1228
false	0.3538
false	0.1998
false	0.0770
false	0.4944
false	0.2091
false	0.2456
false	0.2667
false	0.0754
false	0.0542
false	0.1625
false	0.2178
true	0.5420
true	1.0000
false	0.1653
false	0.0520
false	0.1729
false	0.1738
false	0.1273
true	0.5111
false	0.1677
false	0.1678
false	0.0165
false	0.1066
false	0.0138
false	-0.0340
false	0.1033
false	0.0875
false	0.3161
false	0.1451
false	0.3583
false	0.2445
false	0.1362
false	0.1465
false	0.1387
false	0.4340
false	0.4506
false	0.0827
false	0.2842
false	0.3990
false	0.0048
false	0.1236
false	0.3242
false	0.1954
false	0.0306
false	-0.0851
false	0.1565
false	0.0716
false	0.1880
false	0.1922
false	0.1008
false	0.2696
false	0.0396
false	0.1343
false	0.0810
false	-0.0058
false	0.3792
false	0.2527
false	0.2322
false	0.0473
false	0.2817
false	0.1157
false	0.3448
false	0.1763
false	0.0194
false	0.1183
false	0.2067
false	-0.0164
false	0.0829
false	0.2006
false	0.1287
false	0.0550
false	0.2087
false	0.1969
false	0.0560
false	0.1440
false	0.1333
false	0.2085
false	0.2309
false	0.3513
false	0.1249
false	-0.1328
false	-0.0205
false	0.1034
false	0.0075
true	0.5456
false	0.2307
false	0.1315
false	0.0202
false	0.2577
false	0.3852
false	0.4122
false	0.3644
false	0.2305
false	0.3299
false	0.3426
false	0.1555
false	0.2800
false	0.3875
false	0.1120
false	0.4965
false	0.3397
false	0.4561
false	0.4252
false	0.0853
false	0.2158
false	0.2278
true	0.8279
true	0.5104
false	0.4422
false	0.1883
true	0.5663
false	0.3651
false	0.3429
true	0.5329
true	0.8476
false	0.1346
false	0.4365
false	0.2400
false	0.1910
false	0.3911
false	0.4981
false	0.3124
false	0.3426
false	0.3161
false	0.1817
false	0.3210
false	0.1330
false	0.1884
false	0.1615
false	0.0035
false	0.0538
false	0.2886
false	0.1117
false	0.2646
false	0.1222
false	0.2958
false	-0.0074
false	-0.0131
false	0.0968
false	0.2204
false	-0.0118
false	0.1876
false	0.3711
false	0.0511
false	0.2331
false	0.1458
true	0.5464
false	0.3087
false	0.1164
false	0.0605
false	0.0269
false	0.3567
false	0.2418
false	0.0376
false	0.4179
false	0.1179
false	0.3256
false	0.0884
true	0.7213
false	0.3282
false	0.1420
false	0.1562
false	0.1692
false	0.4141
false	0.2350
false	0.3314
true	0.6433
false	0.4899
false	0.4076
false	0.2745
false	0.1789
false	0.2319
false	0.3928
true	0.6192
false	0.0840
true	0.6273
false	0.4365
false	0.3799
true	0.5292
true	0.5164
true	0.6304
false	0.4094
true	0.5083
true	0.5799
true	0.5752
false	0.2868
false	0.1990
false	0.1223
false	-0.0166
false	0.1628
false	0.0452
false	0.1689
false	0.1091
false	0.1977
false	0.0779
false	0.2453
false	0.0264
false	0.0245
false	0.0819
false	-0.0413
false	0.0530
false	0.3231
false	-0.0100
false	0.1156
false	-0.0922
false	-0.0844
false	0.0602
false	0.1607
false	0.0610
false	0.0154
false	0.1257
true	0.5909
true	0.7424
true	0.5453
true	0.6981
true	0.9448
false	0.4408
true	0.6579
false	0.1532
true	0.7035
true	0.7259
false	0.4796
true	0.8250
false	0.4597
true	0.5606
false	0.4320
true	0.8293
false	0.3878
true	0.7319
false	0.4097
true	0.7627
true	0.5368
true	0.5968
true	0.8263
true	0.5861
true	0.8441
true	0.8476
true	0.6667
true	0.9093
true	0.7685
true	0.7406
true	0.6468
true	0.8494
true	0.5616
true	0.6077
true	0.5430
true	0.6936
true	0.8183
true	0.9240
true	0.8718
true	0.9146
true	0.7235
true	0.6762
false	0.4333
true	0.5539
false	0.4986
true	0.8417
true	0.5490
true	0.6545
false	0.3830
true	0.5753
true	0.5723
false	0.4057
false	0.4799
false	0.2611
false	0.3829
false	0.3278
false	0.3844
false	0.2552
false	0.3506
true	0.5834
false	0.2075
false	0.3602
false	0.2881
true	0.5814
true	0.6048
true	0.6767
true	0.6278
false	0.2348
false	-0.0180
false	0.0753
true	0.5472
false	0.0197
false	-0.0946
false	0.1213
false	0.0681
false	0.2077
false	0.0708
false	0.1317
false	0.1709
false	-0.0244
false	0.0694
false	0.0020
true	0.5646
false	0.2243
false	0.1233
false	0.0739
false	0.3408
false	0.1012
false	-0.0149
false	0.1088
false	0.1708
true	0.6340
false	0.1325
false	0.1538
true	0.6887
false	0.1299
true	0.7282
false	0.3460
false	0.2896
true	0.5216
true	0.5175
true	0.5193
false	0.2722
false	-0.1080
false	0.1029
false	0.1000
false	0.0942
false	0.1092
false	0.1493
false	0.0763
false	0.0550
false	0.0680
false	0.1819
false	0.3363
false	0.2452
true	0.5893
false	0.0388
false	-0.0011
false	0.1620
false	-0.0446
false	0.4134
false	0.1965
false	0.3557
false	0.2557
false	0.0686
false	0.2296
false	0.3159
false	0.4289
false	0.1533
false	0.3081
false	0.3055
false	0.2568
false	0.3948
false	-0.0384
false	0.2847
false	0.1692
false	0.2645
false	0.3326
false	0.0864
false	-0.0682
false	0.4028
false	0.2620
false	0.1577
false	0.2557
false	0.1608
false	0.1323
true	0.5509
false	0.1692
false	0.0654
false	0.3776
false	0.3698
false	0.3940
false	0.2925
true	0.5023
false	0.1459
true	0.6650
false	0.2364
false	0.3810
false	0.1709
false	0.3615
false	0.2475
true	0.5979
false	0.3077
false	0.4420
false	0.4221
false	0.2982
true	0.5814
true	0.5890
true	0.5836
false	0.3197
true	0.8777
false	0.4938
true	0.5933
true	0.6091
true	0.6868
true	0.7101
true	0.6585
true	0.7333
true	0.6420
true	0.8837
false	0.2328
true	0.6895
true	0.5807
true	0.7335
true	0.6258
true	0.5760
true	0.6300
true	0.6745
true	0.6615
true	0.8993
true	0.7089
true	0.7515
false	0.2793
false	0.2590
false	0.0344
false	0.2844
false	0.3810
false	0.1020
false	0.0726
false	0.2214
true	0.6145
true	0.7038
false	0.1068
false	0.2640
false	0.1032
false	0.1792
false	0.1873
false	0.0313
false	0.1765
false	0.2342
false	0.1721
false	0.2297
false	0.2343
false	0.0596
false	0.2871
false	0.1599
false	0.1516
false	0.2447
true	0.5845
false	0.0138
false	0.2630
false	0.2854
true	0.7455
false	0.4533
false	0.2416
false	0.2199
true	0.6224
false	-0.0644
false	0.1832
false	0.1749
false	0.1127
false	0.2509
false	0.1920
false	0.1653
false	0.0043
false	0.2070
true	0.7733
false	0.0823
false	0.1367
false	0.3763
false	0.1448
false	0.3294
false	0.1707
false	0.1455
false	0.2709
false	0.2325
false	0.3880
false	0.3102
false	0.1767
false	0.2153
false	0.1951
false	0.1036
false	0.1994
false	-0.0059
false	-0.0054
false	0.2606
false	0.1488
false	0.4083
false	0.1130
false	0.2665
false	0.2560
true	0.8064
false	0.3768
true	0.7052
true	0.5529
true	0.7771
true	0.6929
true	0.9349
true	0.7654
true	0.8424
true	0.8100
true	0.6815
true	0.8297
true	0.5580
true	0.9166
true	0.8747
true	0.8147
true	0.7162
true	0.7658
true	0.8009
true	0.6033
true	0.5573
true	0.5370
true	0.8845
false	0.2730
true	0.7879
false	0.2152
false	0.0633
false	0.0919
false	0.1700
false	0.1506
false	0.0536
false	0.1514
false	0.0672
false	0.0687
false	0.0001
false	0.0842
false	0.0649
false	0.1326
false	0.0297
false	0.3145
false	0.2113
false	0.2269
false	0.1963
false	0.2833
false	0.2868
false	0.1134
false	0.3102
false	0.3354
false	0.0929
false	0.0628
false	0.3362
true	0.6181
true	0.5247
false	0.2935
true	0.6408
false	0.3675
false	0.4659
true	0.5314
true	0.7733
false	0.2405
false	0.0959
true	0.8581
true	0.7449
false	0.3987
true	0.5257
true	0.5059
true	0.5084
false	0.4877
false	0.2175
false	0.0234
false	0.0741
false	0.2468
false	0.4978
true	0.5450
false	0.2724
false	0.0280
false	0.2910
false	-0.0385
false	0.1257
false	0.2267
false	0.1188
false	0.1947
false	0.1924
false	0.1707
true	0.5756
false	0.3128
true	0.5344
false	0.1987
false	0.1932
false	0.3575
false	-0.0251
false	0.4859
true	0.6981
false	0.0623
false	-0.0159
false	0.1939
false	0.2825
false	0.1448
false	0.2459
false	0.0500
false	0.0451
false	0.2396
false	0.1865
false	0.2283
false	0.1893
false	-0.0486
false	0.2026
false	0.4234
false	0.2188
false	0.0937
false	0.0237
false	0.2300
false	0.1039
false	0.3258
false	0.1794
false	0.3441
false	0.2072
false	0.1903
false	0.1817
false	0.0500
false	0.2881
false	0.0895
false	0.1839
false	0.1583
false	0.2448
false	0.1868
false	0.2121
false	0.2045
false	0.0926
false	0.3255
false	0.2134
false	0.0187
false	0.2309
false	0.3303
false	0.1897
false	0.1349
false	0.1839
false	0.0170
false	-0.0650
false	0.1157
false	0.4045
false	0.1196
true	0.6098
false	0.0900
false	0.2106
false	0.1354
true	0.5285
false	0.2374
false	0.2692
false	0.1809
false	-0.0561
false	0.1811
false	-0.0335
false	-0.0047
false	0.0663
false	0.0736
false	0.1042
false	0.2683
false	0.0637
false	0.3582
false	0.4198
false	0.1117
false	0.0834
false	0.1576
false	0.0678
false	0.4090
false	0.2328
false	0.3516
false	0.2177
false	0.0517
false	0.1721
false	0.1602
false	0.1671
false	0.1681
false	0.2161
false	0.1581
false	0.0983
false	0.2209
false	0.2026
false	-0.0162
false	0.0754
false	0.0536
false	0.0185
false	0.1120
false	0.1258
false	0.1154
false	0.4624
false	0.0047
false	0.2011
false	0.0626
false	0.0083
false	0.1766
false	-0.0357
false	0.1675
false	0.2055
false	0.1347
false	0.0852
false	0.1334
false	-0.0272
false	0.1617
false	0.0465
false	0.1484
false	0.1041
false	0.1045
false	0.1026
true	0.5035
false	0.4502
false	0.1652
true	0.6774
false	0.0929
false	0.3215
false	0.3970
false	0.3269
true	0.6718
false	-0.0290
true	0.5555
false	0.2466
false	-0.0361
false	0.2094
false	0.3649
true	0.5499
false	0.3305
true	0.5290
false	0.1952
false	0.2550
true	0.6456
false	0.3510
false	-0.0290
false	0.4425
false	0.1279
false	0.1139
false	0.1298
false	0.1456
false	0.3403
false	0.2298
false	0.1590
false	0.2576
false	0.0216
false	0.2193
false	0.1052
false	0.2852
true	0.7176
true	0.5526
false	0.4623
false	0.3975
false	0.2190
false	0.2133
false	0.2110
false	0.2833
false	-0.0087
false	-0.0077
false	-0.0446
false	0.1760
false	0.0737
false	0.1025
false	0.1891
false	0.3308
true	0.6085
false	0.1433
false	0.2291
false	-0.0732
false	0.1403
false	0.2432
false	-0.0094
false	0.1808
false	0.2156
false	0.0545
false	0.0285
false	0.0965
false	0.2244
false	0.2835
false	0.0995
false	0.2120
false	0.0379
false	0.3430
false	0.1662
false	0.2622
false	0.2267
false	0.1058
false	0.4892
false	0.2578
false	0.3037
false	0.3415
false	0.2106
false	0.4137
false	0.3352
false	0.3632
false	0.3715
false	0.4346
false	0.3177
false	0.3523
false	0.3882
true	0.6287
true	0.8596
false	0.1097
false	0.2757
false	0.1508
false	0.0185
true	0.8625
false	0.4435
false	0.3660
false	0.3135
false	0.0872
false	0.2474
false	0.2023
false	0.4085
false	0.3688
false	0.3232
false	0.4808
false	0.0207
false	0.4307
false	0.4126
false	0.1835
false	0.2477
false	0.0447
false	0.1189
false	0.1096
false	0.0832
false	0.2612
false	0.0446
false	0.1176
false	0.2110
false	0.2672
false	0.4808
false	0.3013
false	0.2078
false	0.2684
false	0.1065
false	0.1632
false	0.0991
false	0.1004
false	0.0440
false	0.1893
false	0.0650
false	0.0450
false	0.0503
false	0.3100
false	0.1921
false	0.0318
false	0.2342
false	0.1134
false	0.1001
false	-0.0209
false	0.1381
